19:58:29 - INFO - SpawnManager inicializado .Estado inicial: NORMAL
19:58:30 - INFO - Spawn enemigo: CARPINCHO en (2466.73, 3250.00)
19:58:31 - INFO - Spawn enemigo: YACARE en (3278.00, 2671.05)
19:58:32 - INFO - Spawn enemigo: TATU en (2393.80, 2839.00)
19:58:33 - INFO - Spawn enemigo: CARPINCHO en (3089.00, 2740.25)
19:58:34 - INFO - Spawn enemigo: TATU en (2507.71, 2953.00)
19:58:35 - INFO - Spawn enemigo: YACARE en (2478.02, 3416.00)
19:58:36 - INFO - Spawn enemigo: TATU en (2288.65, 3503.00)
19:58:37 - INFO - Spawn enemigo: CARPINCHO en (2250.28, 3005.00)
19:58:37 - INFO - Enemigo muerto: CARPINCHO en (2829.56, 3204.83)
19:58:38 - INFO - Spawn enemigo: CARPINCHO en (3652.96, 3118.00)
19:58:39 - INFO - Spawn enemigo: CARPINCHO en (2345.40, 3266.00)
19:58:40 - INFO - Spawn enemigo: YACARE en (3208.00, 2803.38)
19:58:41 - INFO - Spawn enemigo: CARPINCHO en (3298.00, 2776.45)
19:58:42 - INFO - Spawn enemigo: CARPINCHO en (2595.01, 2949.00)
19:58:43 - INFO - Spawn enemigo: CARPINCHO en (2977.00, 2838.73)
19:58:43 - INFO - Enemigo muerto: CARPINCHO en (3417.46, 3123.80)
19:58:44 - INFO - Spawn enemigo: TATU en (2775.36, 2905.00)
19:58:45 - INFO - Enemigo muerto: CARPINCHO en (3292.23, 3243.84)
19:58:45 - INFO - Spawn enemigo: CARPINCHO en (4196.47, 3542.00)
19:58:46 - INFO - Spawn enemigo: TATU en (4025.16, 3292.00)
19:58:47 - INFO - Spawn enemigo: CARPINCHO en (2884.00, 2692.15)
19:58:48 - INFO - Enemigo muerto: CARPINCHO en (3074.20, 3076.84)
19:58:48 - INFO - Spawn enemigo: CARPINCHO en (3959.84, 3354.00)
19:58:49 - INFO - Enemigo muerto: YACARE en (3308.59, 3120.28)
19:58:49 - INFO - Enemigo muerto: CARPINCHO en (3267.14, 3012.48)
19:58:49 - INFO - Spawn enemigo: YACARE en (2478.38, 3218.00)
19:58:50 - INFO - Enemigo muerto: YACARE en (3282.66, 2901.06)
19:58:50 - INFO - Spawn enemigo: CARPINCHO en (4022.17, 2829.00)
19:58:51 - INFO - Enemigo muerto: CARPINCHO en (3214.40, 3165.96)
19:58:51 - INFO - Spawn enemigo: TATU en (2868.00, 2574.25)
19:58:52 - INFO - Spawn enemigo: YACARE en (3587.00, 3425.35)
19:58:53 - INFO - Enemigo muerto: CARPINCHO en (2988.57, 2959.47)
19:58:53 - INFO - Enemigo muerto: CARPINCHO en (3164.95, 3105.82)
19:58:53 - INFO - Enemigo muerto: CARPINCHO en (3182.53, 3085.84)
19:58:53 - INFO - Spawn enemigo: CARPINCHO en (3624.00, 3465.25)
